<?xml version="1.0" encoding="UTF-8"?>
<testsuite xmlns:xsi="http://www.w3.org/2001/XMLSchema-instance" xsi:noNamespaceSchemaLocation="https://maven.apache.org/surefire/maven-surefire-plugin/xsd/surefire-test-report-3.0.xsd" version="3.0" name="com.indium.ipl_match.MatchControllerUnitTest" time="12.224" tests="7" errors="0" skipped="0" failures="0">
  <properties>
[...]
</properties>
  <testcase name="testGetMatchScoresByDateInvalidDate" classname="com.indium.ipl_match.MatchControllerUnitTest" time="0.185">
    <system-out><![CDATA[2024-09-18T11:07:53.384+05:30  INFO 15488 --- [spring-boot-assignment] [           main] t.c.s.AnnotationConfigContextLoaderUtils : Could not detect default configuration classes for test class [com.indium.ipl_match.MatchControllerUnitTest]: MatchControllerUnitTest does not declare any static, non-private, non-final, nested classes annotated with @Configuration.
2024-09-18T11:07:53.778+05:30  INFO 15488 --- [spring-boot-assignment] [           main] .b.t.c.SpringBootTestContextBootstrapper : Found @SpringBootConfiguration com.indium.ipl_match.IplMatchApplication for test class com.indium.ipl_match.MatchControllerUnitTest

  .   ____          _            __ _ _
 /\\ / ___'_ __ _ _(_)_ __  __ _ \ \ \ \
( ( )\___ | '_ | '_| | '_ \/ _` | \ \ \ \
 \\/  ___)| |_)| | | | | || (_| |  ) ) ) )
  '  |____| .__|_| |_|_| |_\__, | / / / /
 =========|_|==============|___/=/_/_/_/
 :: Spring Boot ::                (v3.2.9)

2024-09-18T11:07:54.858+05:30  INFO 15488 --- [spring-boot-assignment] [           main] c.i.ipl_match.MatchControllerUnitTest    : Starting MatchControllerUnitTest using Java 22.0.2 with PID 15488 (started by I7734 in D:\Data\Personal\Ipl-match-backend\ipl-match)
2024-09-18T11:07:54.860+05:30  INFO 15488 --- [spring-boot-assignment] [           main] c.i.ipl_match.MatchControllerUnitTest    : The following 1 profile is active: "test"
2024-09-18T11:08:02.814+05:30  INFO 15488 --- [spring-boot-assignment] [           main] o.s.s.web.DefaultSecurityFilterChain     : Will secure any request with [org.springframework.security.web.session.DisableEncodeUrlFilter@2827ed71, org.springframework.security.web.context.request.async.WebAsyncManagerIntegrationFilter@293e6c5d, org.springframework.security.web.context.SecurityContextHolderFilter@311a46ae, org.springframework.security.web.header.HeaderWriterFilter@7ed3d995, org.springframework.security.web.csrf.CsrfFilter@4e8b8d68, org.springframework.security.web.authentication.logout.LogoutFilter@5d4369c5, org.springframework.security.web.authentication.UsernamePasswordAuthenticationFilter@72309bc, org.springframework.security.web.authentication.ui.DefaultLoginPageGeneratingFilter@6338d778, org.springframework.security.web.authentication.ui.DefaultLogoutPageGeneratingFilter@c5f558a, org.springframework.security.web.authentication.www.BasicAuthenticationFilter@7bef169a, org.springframework.security.web.savedrequest.RequestCacheAwareFilter@23e86d28, org.springframework.security.web.servletapi.SecurityContextHolderAwareRequestFilter@347b9f4, org.springframework.security.web.authentication.AnonymousAuthenticationFilter@f87d95d, org.springframework.security.web.access.ExceptionTranslationFilter@25f0affe, org.springframework.security.web.access.intercept.AuthorizationFilter@57104caa]
2024-09-18T11:08:02.835+05:30  INFO 15488 --- [spring-boot-assignment] [           main] o.s.b.t.m.w.SpringBootMockServletContext : Initializing Spring TestDispatcherServlet ''
2024-09-18T11:08:02.836+05:30  INFO 15488 --- [spring-boot-assignment] [           main] o.s.t.web.servlet.TestDispatcherServlet  : Initializing Servlet ''
2024-09-18T11:08:02.842+05:30  INFO 15488 --- [spring-boot-assignment] [           main] o.s.t.web.servlet.TestDispatcherServlet  : Completed initialization in 6 ms
2024-09-18T11:08:02.892+05:30  INFO 15488 --- [spring-boot-assignment] [           main] c.i.ipl_match.MatchControllerUnitTest    : Started MatchControllerUnitTest in 9.101 seconds (process running for 126.943)
2024-09-18T11:08:03.029+05:30 ERROR 15488 --- [spring-boot-assignment] [           main] c.i.i.controller.MatchController         : Invalid date format for date: invalid-date
]]></system-out>
  </testcase>
  <testcase name="testGetCumulativeScore" classname="com.indium.ipl_match.MatchControllerUnitTest" time="0.159">
    <system-out><![CDATA[2024-09-18T11:08:03.134+05:30  INFO 15488 --- [spring-boot-assignment] [           main] c.i.i.controller.MatchController         : The cumulative score of Virat Kohli was queried
]]></system-out>
  </testcase>
  <testcase name="testFindMatchesByPlayerName" classname="com.indium.ipl_match.MatchControllerUnitTest" time="0.076">
    <system-out><![CDATA[2024-09-18T11:08:03.277+05:30  INFO 15488 --- [spring-boot-assignment] [           main] c.i.i.controller.MatchController         : The matches played by Virat Kohli were queried
]]></system-out>
  </testcase>
  <testcase name="testGetMatchScoresByDate" classname="com.indium.ipl_match.MatchControllerUnitTest" time="0.024">
    <system-out><![CDATA[2024-09-18T11:08:03.344+05:30  INFO 15488 --- [spring-boot-assignment] [           main] c.i.i.controller.MatchController         : No matches found on 2024-09-13
]]></system-out>
  </testcase>
  <testcase name="testUploadMatchDataSuccess" classname="com.indium.ipl_match.MatchControllerUnitTest" time="0.121">
    <system-out><![CDATA[2024-09-18T11:08:03.416+05:30  INFO 15488 --- [spring-boot-assignment] [           main] c.i.i.controller.MatchController         : New match data file inserted
]]></system-out>
  </testcase>
  <testcase name="testGetTopBatsmen" classname="com.indium.ipl_match.MatchControllerUnitTest" time="0.939">
    <system-out><![CDATA[2024-09-18T11:08:03.612+05:30  INFO 15488 --- [spring-boot-assignment] [           main] c.i.i.controller.MatchController         : Top 5 batsmen were queried
]]></system-out>
  </testcase>
  <testcase name="testUploadMatchDataFailure" classname="com.indium.ipl_match.MatchControllerUnitTest" time="1.084">
    <system-out><![CDATA[2024-09-18T11:08:05.368+05:30 ERROR 15488 --- [spring-boot-assignment] [           main] c.i.i.controller.MatchController         : Error occurred while processing the match data: Error in processing
]]></system-out>
  </testcase>
</testsuite>